D:\DESKTOP\Кликер\ONLY LBC\WIN32PROJECT1\DEBUG\WIN32PROJECT1.PCH
D:\DESKTOP\Кликер\ONLY LBC\WIN32PROJECT1\DEBUG\STDAFX.OBJ
D:\DESKTOP\КЛИКЕР\ONLY LBC\WIN32PROJECT1\DEBUG\VC110.PDB
D:\DESKTOP\Кликер\ONLY LBC\WIN32PROJECT1\DEBUG\WIN32PROJECT1.OBJ
D:\DESKTOP\Кликер\ONLY LBC\DEBUG\WIN32PROJECT1.ILK
D:\DESKTOP\Кликер\ONLY LBC\DEBUG\WIN32PROJECT1.EXE
D:\DESKTOP\КЛИКЕР\ONLY LBC\DEBUG\WIN32PROJECT1.PDB
D:\DESKTOP\Кликер\ONLY LBC\WIN32PROJECT1\DEBUG\WIN32PROJECT1.RES
D:\Desktop\Кликер\Only LBC\Win32Project1\Debug\stdafx.obj
D:\Desktop\Кликер\Only LBC\Win32Project1\Debug\Win32Project1.obj
D:\Desktop\Кликер\Only LBC\Win32Project1\Debug\cl.command.1.tlog
D:\Desktop\Кликер\Only LBC\Win32Project1\Debug\CL.read.1.tlog
D:\Desktop\Кликер\Only LBC\Win32Project1\Debug\CL.write.1.tlog
D:\Desktop\Кликер\Only LBC\Win32Project1\Debug\link-cvtres.read.1.tlog
D:\Desktop\Кликер\Only LBC\Win32Project1\Debug\link-cvtres.write.1.tlog
D:\Desktop\Кликер\Only LBC\Win32Project1\Debug\link-rc.read.1.tlog
D:\Desktop\Кликер\Only LBC\Win32Project1\Debug\link-rc.write.1.tlog
D:\Desktop\Кликер\Only LBC\Win32Project1\Debug\link.command.1.tlog
D:\Desktop\Кликер\Only LBC\Win32Project1\Debug\link.read.1.tlog
D:\Desktop\Кликер\Only LBC\Win32Project1\Debug\link.write.1.tlog
D:\Desktop\Кликер\Only LBC\Win32Project1\Debug\rc.command.1.tlog
D:\Desktop\Кликер\Only LBC\Win32Project1\Debug\rc.read.1.tlog
D:\Desktop\Кликер\Only LBC\Win32Project1\Debug\rc.write.1.tlog
D:\Desktop\Кликер\Only LBC\Win32Project1\Debug\Win32Project1.res
D:\Desktop\Кликер\Only LBC\Win32Project1\Debug\Win32Project1.pch
D:\Desktop\Кликер\Only LBC\Win32Project1\Debug\vc110.idb
D:\Desktop\Кликер\Only LBC\Win32Project1\Debug\vc110.pdb
D:\Desktop\Кликер\Only LBC\Debug\Win32Project1.pdb
D:\Desktop\Кликер\Only LBC\Debug\Win32Project1.exe
D:\Desktop\Кликер\Only LBC\Debug\Win32Project1.ilk
