C:\USERS\VLAD\DOCUMENTS\VISUAL STUDIO 2012\PROJECTS\WIN32PROJECT1\WIN32PROJECT1\DEBUG\WIN32PROJECT1.PCH
C:\USERS\VLAD\DOCUMENTS\VISUAL STUDIO 2012\PROJECTS\WIN32PROJECT1\WIN32PROJECT1\DEBUG\STDAFX.OBJ
C:\USERS\VLAD\DOCUMENTS\VISUAL STUDIO 2012\PROJECTS\WIN32PROJECT1\WIN32PROJECT1\DEBUG\VC110.PDB
C:\USERS\VLAD\DOCUMENTS\VISUAL STUDIO 2012\PROJECTS\WIN32PROJECT1\WIN32PROJECT1\DEBUG\WIN32PROJECT1.OBJ
C:\USERS\VLAD\DOCUMENTS\VISUAL STUDIO 2012\PROJECTS\WIN32PROJECT1\DEBUG\WIN32PROJECT1.ILK
C:\USERS\VLAD\DOCUMENTS\VISUAL STUDIO 2012\PROJECTS\WIN32PROJECT1\DEBUG\WIN32PROJECT1.EXE
C:\USERS\VLAD\DOCUMENTS\VISUAL STUDIO 2012\PROJECTS\WIN32PROJECT1\DEBUG\WIN32PROJECT1.PDB
C:\USERS\VLAD\DOCUMENTS\VISUAL STUDIO 2012\PROJECTS\WIN32PROJECT1\WIN32PROJECT1\DEBUG\WIN32PROJECT1.RES
D:\Desktop\Only LBC\Win32Project1\Debug\stdafx.obj
D:\Desktop\Only LBC\Win32Project1\Debug\Win32Project1.obj
D:\Desktop\Only LBC\Win32Project1\Debug\cl.command.1.tlog
D:\Desktop\Only LBC\Win32Project1\Debug\CL.read.1.tlog
D:\Desktop\Only LBC\Win32Project1\Debug\CL.write.1.tlog
D:\Desktop\Only LBC\Win32Project1\Debug\link-cvtres.read.1.tlog
D:\Desktop\Only LBC\Win32Project1\Debug\link-cvtres.write.1.tlog
D:\Desktop\Only LBC\Win32Project1\Debug\link-rc.read.1.tlog
D:\Desktop\Only LBC\Win32Project1\Debug\link-rc.write.1.tlog
D:\Desktop\Only LBC\Win32Project1\Debug\link.command.1.tlog
D:\Desktop\Only LBC\Win32Project1\Debug\link.read.1.tlog
D:\Desktop\Only LBC\Win32Project1\Debug\link.write.1.tlog
D:\Desktop\Only LBC\Win32Project1\Debug\rc.command.1.tlog
D:\Desktop\Only LBC\Win32Project1\Debug\rc.read.1.tlog
D:\Desktop\Only LBC\Win32Project1\Debug\rc.write.1.tlog
D:\Desktop\Only LBC\Win32Project1\Debug\Win32Project1.res
D:\Desktop\Only LBC\Win32Project1\Debug\Win32Project1.pch
D:\Desktop\Only LBC\Win32Project1\Debug\vc110.idb
D:\Desktop\Only LBC\Win32Project1\Debug\vc110.pdb
D:\Desktop\Only LBC\Debug\Win32Project1.pdb
D:\Desktop\Only LBC\Debug\Win32Project1.exe
D:\Desktop\Only LBC\Debug\Win32Project1.ilk
